#
# There is insufficient memory for the Java Runtime Environment to continue.
# Native memory allocation (mmap) failed to map 67108864 bytes for Failed to commit area from 0x00000000c1800000 to 0x00000000c5800000 of length 67108864.
# Possible reasons:
#   The system is out of physical RAM or swap space
#   The process is running with CompressedOops enabled, and the Java Heap may be blocking the growth of the native heap
# Possible solutions:
#   Reduce memory load on the system
#   Increase physical memory or swap space
#   Check if swap backing store is full
#   Decrease Java heap size (-Xmx/-Xms)
#   Decrease number of Java threads
#   Decrease Java thread stack sizes (-Xss)
#   Set larger code cache with -XX:ReservedCodeCacheSize=
#   JVM is running with Unscaled Compressed Oops mode in which the Java heap is
#     placed in the first 4GB address space. The Java Heap base address is the
#     maximum limit for the native heap growth. Please use -XX:HeapBaseMinAddress
#     to set the Java Heap base and to place the Java Heap above 4GB virtual address.
# This output file may be truncated or incomplete.
#
#  Out of Memory Error (./open/src/hotspot/os/windows/os_windows.cpp:3315), pid=992, tid=8140
#
# JRE version:  (14.0.1+7) (build )
# Java VM: Java HotSpot(TM) 64-Bit Server VM (14.0.1+7, mixed mode, sharing, tiered, compressed oops, g1 gc, windows-amd64)
# No core dump will be written. Minidumps are not enabled by default on client versions of Windows
#

---------------  S U M M A R Y ------------

Command Line: -Dfile.encoding=Cp1252 -XX:+ShowCodeDetailsInExceptionMessages com.game.TicTacToeGame

Host: Intel(R) Core(TM) i5-8250U CPU @ 1.60GHz, 8 cores, 3G,  Windows 10 , 64 bit Build 18362 (10.0.18362.1082)
Time: Thu Oct  8 09:34:18 2020 India Standard Time elapsed time: 0 seconds (0d 0h 0m 0s)

---------------  T H R E A D  ---------------

Current thread (0x000002a5b6f59800):  JavaThread "Unknown thread" [_thread_in_vm, id=8140, stack(0x000000c387a00000,0x000000c387b00000)]

Stack: [0x000000c387a00000,0x000000c387b00000]
Native frames: (J=compiled Java code, j=interpreted, Vv=VM code, C=native code)
V  [jvm.dll+0x5f840a]
V  [jvm.dll+0x741e4a]
V  [jvm.dll+0x7435ff]
V  [jvm.dll+0x743c43]
V  [jvm.dll+0x20d288]
V  [jvm.dll+0x5f57ba]
V  [jvm.dll+0x5ea615]
V  [jvm.dll+0x2c7e9c]
V  [jvm.dll+0x2c7cd2]
V  [jvm.dll+0x2cdbbc]
V  [jvm.dll+0x313ff8]
V  [jvm.dll+0x313720]
V  [jvm.dll+0x2a092a]
V  [jvm.dll+0x2a1a79]
V  [jvm.dll+0x71f718]
V  [jvm.dll+0x321c44]
V  [jvm.dll+0x700b0c]
V  [jvm.dll+0x392dff]
V  [jvm.dll+0x394e71]
C  [jli.dll+0x523b]
C  [ucrtbase.dll+0x20e82]
C  [KERNEL32.DLL+0x17bd4]
C  [ntdll.dll+0x6ce51]


---------------  P R O C E S S  ---------------

Threads class SMR info:
_java_thread_list=0x00007ffb94443078, length=0, elements={
}

Java Threads: ( => current thread )

Other Threads:
  0x000002a5b6f8a800 GCTaskThread "GC Thread#0" [stack: 0x000000c387b00000,0x000000c387c00000] [id=1200]
  0x000002a5b6f95000 ConcurrentGCThread "G1 Main Marker" [stack: 0x000000c387c00000,0x000000c387d00000] [id=4604]
  0x000002a5b6f97800 ConcurrentGCThread "G1 Conc#0" [stack: 0x000000c387d00000,0x000000c387e00000] [id=3356]

[error occurred during error reporting (printing all threads), id 0xc0000005, EXCEPTION_ACCESS_VIOLATION (0xc0000005) at pc=0x00007ffb93c71257]

VM state:not at safepoint (not fully initialized)

VM Mutex/Monitor currently owned by a thread:  ([mutex/lock_event])
[0x000002a5b6f56b80] Heap_lock - owner thread: 0x000002a5b6f59800

Heap address: 0x00000000c1800000, size: 1000 MB, Compressed Oops mode: 32-bit
Narrow klass base: 0x0000000000000000, Narrow klass shift: 0

GC Heap History (0 events):
No events

Deoptimization events (0 events):
No events

Classes unloaded (0 events):
No events

Classes redefined (0 events):
No events

Internal exceptions (0 events):
No events

Events (2 events):
Event: 0.008 Loaded shared library C:\Program Files\Java\jdk-14.0.1\bin\java.dll
Event: 0.008 Loaded shared library C:\Program Files\Java\jdk-14.0.1\bin\zip.dll


Dynamic libraries:
0x00007ff6fd550000 - 0x00007ff6fd55f000 	C:\Program Files\Java\jdk-14.0.1\bin\javaw.exe
0x00007ffbcb320000 - 0x00007ffbcb510000 	C:\Windows\SYSTEM32\ntdll.dll
0x00007ffbc9860000 - 0x00007ffbc9912000 	C:\Windows\System32\KERNEL32.DLL
0x00007ffbc8ca0000 - 0x00007ffbc8f45000 	C:\Windows\System32\KERNELBASE.dll
0x00007ffbc91b0000 - 0x00007ffbc92aa000 	C:\Windows\System32\ucrtbase.dll
0x00007ffbbb080000 - 0x00007ffbbb098000 	C:\Program Files\Java\jdk-14.0.1\bin\jli.dll
0x00007ffbbaeb0000 - 0x00007ffbbaec5000 	C:\Program Files\Java\jdk-14.0.1\bin\VCRUNTIME140.dll
0x00007ffbcae60000 - 0x00007ffbcaf03000 	C:\Windows\System32\ADVAPI32.dll
0x00007ffbc97b0000 - 0x00007ffbc984e000 	C:\Windows\System32\msvcrt.dll
0x00007ffbc95d0000 - 0x00007ffbc9667000 	C:\Windows\System32\sechost.dll
0x00007ffbcacd0000 - 0x00007ffbcadf0000 	C:\Windows\System32\RPCRT4.dll
0x00007ffbc9cf0000 - 0x00007ffbc9e85000 	C:\Windows\System32\USER32.dll
0x00007ffbc9000000 - 0x00007ffbc9021000 	C:\Windows\System32\win32u.dll
0x00007ffbcb250000 - 0x00007ffbcb276000 	C:\Windows\System32\GDI32.dll
0x00007ffbc8a90000 - 0x00007ffbc8c26000 	C:\Windows\System32\gdi32full.dll
0x00007ffbc9330000 - 0x00007ffbc93ce000 	C:\Windows\System32\msvcp_win.dll
0x00007ffbb72e0000 - 0x00007ffbb7564000 	C:\Windows\WinSxS\amd64_microsoft.windows.common-controls_6595b64144ccf1df_6.0.18362.1082_none_9e8193e1e45b25c1\COMCTL32.dll
0x00007ffbc9920000 - 0x00007ffbc9c55000 	C:\Windows\System32\combase.dll
0x00007ffbc92b0000 - 0x00007ffbc9330000 	C:\Windows\System32\bcryptPrimitives.dll
0x00007ffbc0d00000 - 0x00007ffbc0d0a000 	C:\Windows\SYSTEM32\VERSION.dll
0x00007ffbcb070000 - 0x00007ffbcb09e000 	C:\Windows\System32\IMM32.DLL
0x00007ffbaee90000 - 0x00007ffbaef2b000 	C:\Program Files\Java\jdk-14.0.1\bin\msvcp140.dll
0x00007ffb939c0000 - 0x00007ffb944de000 	C:\Program Files\Java\jdk-14.0.1\bin\server\jvm.dll
0x00007ffbc97a0000 - 0x00007ffbc97a8000 	C:\Windows\System32\PSAPI.DLL
0x00007ffbb5960000 - 0x00007ffbb5969000 	C:\Windows\SYSTEM32\WSOCK32.dll
0x00007ffbc54a0000 - 0x00007ffbc54c4000 	C:\Windows\SYSTEM32\WINMM.dll
0x00007ffbcadf0000 - 0x00007ffbcae5f000 	C:\Windows\System32\WS2_32.dll
0x00007ffbc5470000 - 0x00007ffbc549d000 	C:\Windows\SYSTEM32\winmmbase.dll
0x00007ffbc8c50000 - 0x00007ffbc8c9a000 	C:\Windows\System32\cfgmgr32.dll
0x00007ffbc8240000 - 0x00007ffbc8251000 	C:\Windows\System32\kernel.appcore.dll
0x00007ffbc38e0000 - 0x00007ffbc38ea000 	C:\Program Files\Java\jdk-14.0.1\bin\jimage.dll
0x00007ffbc6ad0000 - 0x00007ffbc6cc4000 	C:\Windows\SYSTEM32\DBGHELP.DLL
0x00007ffbc0260000 - 0x00007ffbc028a000 	C:\Windows\SYSTEM32\dbgcore.DLL
0x00007ffbbd960000 - 0x00007ffbbd985000 	C:\Program Files\Java\jdk-14.0.1\bin\java.dll
0x00007ffbbd9f0000 - 0x00007ffbbda06000 	C:\Program Files\Java\jdk-14.0.1\bin\zip.dll

dbghelp: loaded successfully - version: 4.0.5 - missing functions: none
symbol engine: initialized successfully - sym options: 0x614 - pdb path: .;C:\Program Files\Java\jdk-14.0.1\bin;C:\Windows\SYSTEM32;C:\Windows\WinSxS\amd64_microsoft.windows.common-controls_6595b64144ccf1df_6.0.18362.1082_none_9e8193e1e45b25c1;C:\Program Files\Java\jdk-14.0.1\bin\server

VM Arguments:
jvm_args: -Dfile.encoding=Cp1252 -XX:+ShowCodeDetailsInExceptionMessages 
java_command: com.game.TicTacToeGame
java_class_path (initial): C:\Users\DELL\eclipse-workspace\Tic Tac Toe\bin
Launcher Type: SUN_STANDARD

[Global flags]
     intx CICompilerCount                          = 4                                         {product} {ergonomic}
     uint ConcGCThreads                            = 2                                         {product} {ergonomic}
     uint G1ConcRefinementThreads                  = 8                                         {product} {ergonomic}
   size_t G1HeapRegionSize                         = 1048576                                   {product} {ergonomic}
    uintx GCDrainStackTargetSize                   = 64                                        {product} {ergonomic}
   size_t InitialHeapSize                          = 67108864                                  {product} {ergonomic}
   size_t MarkStackSize                            = 4194304                                   {product} {ergonomic}
   size_t MaxHeapSize                              = 1048576000                                {product} {ergonomic}
   size_t MinHeapDeltaBytes                        = 1048576                                   {product} {ergonomic}
   size_t MinHeapSize                              = 8388608                                   {product} {ergonomic}
    uintx NonNMethodCodeHeapSize                   = 5839372                                {pd product} {ergonomic}
    uintx NonProfiledCodeHeapSize                  = 122909434                              {pd product} {ergonomic}
    uintx ProfiledCodeHeapSize                     = 122909434                              {pd product} {ergonomic}
    uintx ReservedCodeCacheSize                    = 251658240                              {pd product} {ergonomic}
     bool SegmentedCodeCache                       = true                                      {product} {ergonomic}
     bool ShowCodeDetailsInExceptionMessages       = true                                   {manageable} {command line}
   size_t SoftMaxHeapSize                          = 1048576000                             {manageable} {ergonomic}
     bool UseCompressedClassPointers               = true                                 {lp64_product} {ergonomic}
     bool UseCompressedOops                        = true                                 {lp64_product} {ergonomic}
     bool UseG1GC                                  = true                                      {product} {ergonomic}
     bool UseLargePagesIndividualAllocation        = false                                  {pd product} {ergonomic}

Logging:
Log output configuration:
 #0: stdout all=warning uptime,level,tags
 #1: stderr all=off uptime,level,tags

Environment Variables:
JAVA_HOME=C:\Program Files\Java\jdk-14.0.1
PATH=C:/Program Files/Java/jdk-14.0.1/bin/server;C:/Program Files/Java/jdk-14.0.1/bin;C:\Program Files\Common Files\Oracle\Java\javapath;C:\Windows\system32;C:\Windows;C:\Windows\System32\Wbem;C:\Windows\System32\WindowsPowerShell\v1.0\;C:\Windows\System32\OpenSSH\;C:\Program Files\nodejs\;C:\Program Files\Git\cmd;C:\Program Files\Java\jdk-14.0.1\bin;C:\Program Files\Java\jdk-14.0.1\bin;C:\Program Files\nodejs\node.exe;C:\Users\DELL\Desktop\html\sublime\javascript\Microsoft VS Code\bin;;C:\Users\DELL\Desktop;
USERNAME=DELL
OS=Windows_NT
PROCESSOR_IDENTIFIER=Intel64 Family 6 Model 142 Stepping 10, GenuineIntel



---------------  S Y S T E M  ---------------

OS: Windows 10 , 64 bit Build 18362 (10.0.18362.1082)
OS uptime: 2 days 23:44 hours

CPU:total 8 (initial active 8) (4 cores per cpu, 2 threads per core) family 6 model 142 stepping 10, cmov, cx8, fxsr, mmx, sse, sse2, sse3, ssse3, sse4.1, sse4.2, popcnt, avx, avx2, aes, clmul, erms, 3dnowpref, lzcnt, ht, tsc, tscinvbit, bmi1, bmi2, adx, fma

Memory: 4k page, system-wide physical 3993M (467M free)
TotalPageFile size 10137M (AvailPageFile size 29M)
current process WorkingSet (physical memory assigned to process): 10M, peak: 10M
current process commit charge ("private bytes"): 60M, peak: 123M

vm_info: Java HotSpot(TM) 64-Bit Server VM (14.0.1+7) for windows-amd64 JRE (14.0.1+7), built on Mar  5 2020 10:30:14 by "mach5one" with MS VC++ 15.9 (VS2017)

END.
